{"D:\\james\\cedt\\1-2\\software-engineering\\seraja\\se-project-be-68-2-seraja\\controllers\\campgrounds.js": {"path":"D:\\james\\cedt\\1-2\\software-engineering\\seraja\\se-project-be-68-2-seraja\\controllers\\campgrounds.js","statementMap":{"0":{"start":{"line":1,"column":19},"end":{"line":1,"column":50}},"1":{"start":{"line":2,"column":16},"end":{"line":2,"column":44}},"2":{"start":{"line":7,"column":0},"end":{"line":61,"column":2}},"3":{"start":{"line":8,"column":2},"end":{"line":60,"column":3}},"4":{"start":{"line":10,"column":21},"end":{"line":10,"column":37}},"5":{"start":{"line":13,"column":25},"end":{"line":13,"column":60}},"6":{"start":{"line":15,"column":4},"end":{"line":15,"column":60}},"7":{"start":{"line":15,"column":36},"end":{"line":15,"column":58}},"8":{"start":{"line":18,"column":19},"end":{"line":18,"column":43}},"9":{"start":{"line":20,"column":4},"end":{"line":23,"column":6}},"10":{"start":{"line":22,"column":17},"end":{"line":22,"column":28}},"11":{"start":{"line":25,"column":16},"end":{"line":27,"column":6}},"12":{"start":{"line":30,"column":4},"end":{"line":33,"column":5}},"13":{"start":{"line":31,"column":21},"end":{"line":31,"column":58}},"14":{"start":{"line":32,"column":6},"end":{"line":32,"column":35}},"15":{"start":{"line":36,"column":4},"end":{"line":41,"column":5}},"16":{"start":{"line":37,"column":21},"end":{"line":37,"column":56}},"17":{"start":{"line":38,"column":6},"end":{"line":38,"column":33}},"18":{"start":{"line":40,"column":6},"end":{"line":40,"column":33}},"19":{"start":{"line":44,"column":17},"end":{"line":44,"column":50}},"20":{"start":{"line":45,"column":18},"end":{"line":45,"column":53}},"21":{"start":{"line":46,"column":23},"end":{"line":46,"column":41}},"22":{"start":{"line":48,"column":4},"end":{"line":48,"column":48}},"23":{"start":{"line":50,"column":24},"end":{"line":50,"column":35}},"24":{"start":{"line":52,"column":4},"end":{"line":56,"column":7}},"25":{"start":{"line":58,"column":4},"end":{"line":58,"column":23}},"26":{"start":{"line":59,"column":4},"end":{"line":59,"column":45}},"27":{"start":{"line":66,"column":0},"end":{"line":78,"column":2}},"28":{"start":{"line":67,"column":2},"end":{"line":77,"column":3}},"29":{"start":{"line":68,"column":23},"end":{"line":68,"column":63}},"30":{"start":{"line":70,"column":4},"end":{"line":72,"column":5}},"31":{"start":{"line":71,"column":6},"end":{"line":71,"column":54}},"32":{"start":{"line":74,"column":4},"end":{"line":74,"column":62}},"33":{"start":{"line":76,"column":4},"end":{"line":76,"column":45}},"34":{"start":{"line":83,"column":0},"end":{"line":98,"column":2}},"35":{"start":{"line":84,"column":2},"end":{"line":97,"column":3}},"36":{"start":{"line":85,"column":4},"end":{"line":90,"column":5}},"37":{"start":{"line":86,"column":6},"end":{"line":89,"column":9}},"38":{"start":{"line":92,"column":23},"end":{"line":92,"column":56}},"39":{"start":{"line":93,"column":4},"end":{"line":93,"column":62}},"40":{"start":{"line":95,"column":4},"end":{"line":95,"column":23}},"41":{"start":{"line":96,"column":4},"end":{"line":96,"column":45}},"42":{"start":{"line":103,"column":0},"end":{"line":130,"column":2}},"43":{"start":{"line":104,"column":2},"end":{"line":129,"column":3}},"44":{"start":{"line":105,"column":21},"end":{"line":105,"column":61}},"45":{"start":{"line":107,"column":4},"end":{"line":109,"column":5}},"46":{"start":{"line":108,"column":6},"end":{"line":108,"column":54}},"47":{"start":{"line":111,"column":4},"end":{"line":119,"column":5}},"48":{"start":{"line":115,"column":6},"end":{"line":118,"column":9}},"49":{"start":{"line":121,"column":4},"end":{"line":124,"column":7}},"50":{"start":{"line":126,"column":4},"end":{"line":126,"column":62}},"51":{"start":{"line":128,"column":4},"end":{"line":128,"column":45}},"52":{"start":{"line":135,"column":0},"end":{"line":159,"column":2}},"53":{"start":{"line":136,"column":2},"end":{"line":158,"column":3}},"54":{"start":{"line":137,"column":4},"end":{"line":142,"column":5}},"55":{"start":{"line":138,"column":6},"end":{"line":141,"column":9}},"56":{"start":{"line":144,"column":23},"end":{"line":144,"column":63}},"57":{"start":{"line":146,"column":4},"end":{"line":148,"column":5}},"58":{"start":{"line":147,"column":6},"end":{"line":147,"column":54}},"59":{"start":{"line":151,"column":4},"end":{"line":151,"column":60}},"60":{"start":{"line":152,"column":4},"end":{"line":152,"column":55}},"61":{"start":{"line":154,"column":4},"end":{"line":154,"column":54}},"62":{"start":{"line":156,"column":4},"end":{"line":156,"column":51}},"63":{"start":{"line":157,"column":4},"end":{"line":157,"column":45}}},"fnMap":{"0":{"name":"(anonymous_0)","decl":{"start":{"line":7,"column":25},"end":{"line":7,"column":26}},"loc":{"start":{"line":7,"column":51},"end":{"line":61,"column":1}},"line":7},"1":{"name":"(anonymous_1)","decl":{"start":{"line":15,"column":25},"end":{"line":15,"column":26}},"loc":{"start":{"line":15,"column":36},"end":{"line":15,"column":58}},"line":15},"2":{"name":"(anonymous_2)","decl":{"start":{"line":22,"column":6},"end":{"line":22,"column":7}},"loc":{"start":{"line":22,"column":17},"end":{"line":22,"column":28}},"line":22},"3":{"name":"(anonymous_3)","decl":{"start":{"line":66,"column":24},"end":{"line":66,"column":25}},"loc":{"start":{"line":66,"column":50},"end":{"line":78,"column":1}},"line":66},"4":{"name":"(anonymous_4)","decl":{"start":{"line":83,"column":27},"end":{"line":83,"column":28}},"loc":{"start":{"line":83,"column":53},"end":{"line":98,"column":1}},"line":83},"5":{"name":"(anonymous_5)","decl":{"start":{"line":103,"column":27},"end":{"line":103,"column":28}},"loc":{"start":{"line":103,"column":53},"end":{"line":130,"column":1}},"line":103},"6":{"name":"(anonymous_6)","decl":{"start":{"line":135,"column":27},"end":{"line":135,"column":28}},"loc":{"start":{"line":135,"column":53},"end":{"line":159,"column":1}},"line":135}},"branchMap":{"0":{"loc":{"start":{"line":30,"column":4},"end":{"line":33,"column":5}},"type":"if","locations":[{"start":{"line":30,"column":4},"end":{"line":33,"column":5}},{"start":{},"end":{}}],"line":30},"1":{"loc":{"start":{"line":36,"column":4},"end":{"line":41,"column":5}},"type":"if","locations":[{"start":{"line":36,"column":4},"end":{"line":41,"column":5}},{"start":{"line":39,"column":11},"end":{"line":41,"column":5}}],"line":36},"2":{"loc":{"start":{"line":44,"column":17},"end":{"line":44,"column":50}},"type":"binary-expr","locations":[{"start":{"line":44,"column":17},"end":{"line":44,"column":45}},{"start":{"line":44,"column":49},"end":{"line":44,"column":50}}],"line":44},"3":{"loc":{"start":{"line":45,"column":18},"end":{"line":45,"column":53}},"type":"binary-expr","locations":[{"start":{"line":45,"column":18},"end":{"line":45,"column":47}},{"start":{"line":45,"column":51},"end":{"line":45,"column":53}}],"line":45},"4":{"loc":{"start":{"line":70,"column":4},"end":{"line":72,"column":5}},"type":"if","locations":[{"start":{"line":70,"column":4},"end":{"line":72,"column":5}},{"start":{},"end":{}}],"line":70},"5":{"loc":{"start":{"line":85,"column":4},"end":{"line":90,"column":5}},"type":"if","locations":[{"start":{"line":85,"column":4},"end":{"line":90,"column":5}},{"start":{},"end":{}}],"line":85},"6":{"loc":{"start":{"line":107,"column":4},"end":{"line":109,"column":5}},"type":"if","locations":[{"start":{"line":107,"column":4},"end":{"line":109,"column":5}},{"start":{},"end":{}}],"line":107},"7":{"loc":{"start":{"line":111,"column":4},"end":{"line":119,"column":5}},"type":"if","locations":[{"start":{"line":111,"column":4},"end":{"line":119,"column":5}},{"start":{},"end":{}}],"line":111},"8":{"loc":{"start":{"line":112,"column":6},"end":{"line":113,"column":61}},"type":"binary-expr","locations":[{"start":{"line":112,"column":6},"end":{"line":112,"column":31}},{"start":{"line":113,"column":6},"end":{"line":113,"column":61}}],"line":112},"9":{"loc":{"start":{"line":137,"column":4},"end":{"line":142,"column":5}},"type":"if","locations":[{"start":{"line":137,"column":4},"end":{"line":142,"column":5}},{"start":{},"end":{}}],"line":137},"10":{"loc":{"start":{"line":146,"column":4},"end":{"line":148,"column":5}},"type":"if","locations":[{"start":{"line":146,"column":4},"end":{"line":148,"column":5}},{"start":{},"end":{}}],"line":146}},"s":{"0":1,"1":1,"2":1,"3":3,"4":3,"5":3,"6":3,"7":12,"8":3,"9":3,"10":1,"11":3,"12":3,"13":1,"14":1,"15":3,"16":1,"17":1,"18":2,"19":3,"20":3,"21":3,"22":3,"23":3,"24":2,"25":1,"26":1,"27":1,"28":3,"29":3,"30":2,"31":1,"32":1,"33":1,"34":1,"35":3,"36":3,"37":1,"38":2,"39":1,"40":1,"41":1,"42":1,"43":4,"44":4,"45":3,"46":1,"47":2,"48":1,"49":1,"50":1,"51":1,"52":1,"53":4,"54":4,"55":1,"56":3,"57":2,"58":1,"59":1,"60":1,"61":1,"62":1,"63":1},"f":{"0":3,"1":12,"2":1,"3":3,"4":3,"5":4,"6":4},"b":{"0":[1,2],"1":[1,2],"2":[3,2],"3":[3,2],"4":[1,1],"5":[1,2],"6":[1,2],"7":[1,1],"8":[2,1],"9":[1,3],"10":[1,1]},"_coverageSchema":"1a1c01bbd47fc00a2c39e90264f33305004495a9","hash":"acb12f257f68f3a8ee7ea4c1ffb46efd279fe5f3"}
}
