TN:
SF:controllers\campgrounds.js
FN:7,(anonymous_0)
FN:15,(anonymous_1)
FN:22,(anonymous_2)
FN:66,(anonymous_3)
FN:83,(anonymous_4)
FN:103,(anonymous_5)
FN:135,(anonymous_6)
FNF:7
FNH:7
FNDA:3,(anonymous_0)
FNDA:12,(anonymous_1)
FNDA:1,(anonymous_2)
FNDA:3,(anonymous_3)
FNDA:3,(anonymous_4)
FNDA:4,(anonymous_5)
FNDA:4,(anonymous_6)
DA:1,1
DA:2,1
DA:7,1
DA:8,3
DA:10,3
DA:13,3
DA:15,12
DA:18,3
DA:20,3
DA:22,1
DA:25,3
DA:30,3
DA:31,1
DA:32,1
DA:36,3
DA:37,1
DA:38,1
DA:40,2
DA:44,3
DA:45,3
DA:46,3
DA:48,3
DA:50,3
DA:52,2
DA:58,1
DA:59,1
DA:66,1
DA:67,3
DA:68,3
DA:70,2
DA:71,1
DA:74,1
DA:76,1
DA:83,1
DA:84,3
DA:85,3
DA:86,1
DA:92,2
DA:93,1
DA:95,1
DA:96,1
DA:103,1
DA:104,4
DA:105,4
DA:107,3
DA:108,1
DA:111,2
DA:115,1
DA:121,1
DA:126,1
DA:128,1
DA:135,1
DA:136,4
DA:137,4
DA:138,1
DA:144,3
DA:146,2
DA:147,1
DA:151,1
DA:152,1
DA:154,1
DA:156,1
DA:157,1
LF:63
LH:63
BRDA:30,0,0,1
BRDA:30,0,1,2
BRDA:36,1,0,1
BRDA:36,1,1,2
BRDA:44,2,0,3
BRDA:44,2,1,2
BRDA:45,3,0,3
BRDA:45,3,1,2
BRDA:70,4,0,1
BRDA:70,4,1,1
BRDA:85,5,0,1
BRDA:85,5,1,2
BRDA:107,6,0,1
BRDA:107,6,1,2
BRDA:111,7,0,1
BRDA:111,7,1,1
BRDA:112,8,0,2
BRDA:112,8,1,1
BRDA:137,9,0,1
BRDA:137,9,1,3
BRDA:146,10,0,1
BRDA:146,10,1,1
BRF:22
BRH:22
end_of_record
